{
  "Cucumber Features": {
    "coverage": {
      "/home/robbie/fixit/app/controllers/application_controller.rb": [
        1,
        1,
        null
      ],
      "/home/robbie/fixit/app/helpers/application_helper.rb": [
        1,
        null
      ],
      "/home/robbie/fixit/app/controllers/requests_controller.rb": [
        1,
        1,
        null,
        null,
        1,
        null,
        null,
        1,
        8,
        8,
        null,
        8,
        null,
        8,
        8,
        1,
        1,
        null,
        7,
        7,
        null,
        null,
        null,
        null,
        1,
        1,
        1,
        1,
        0,
        0,
        null,
        null,
        null,
        null,
        1,
        null,
        null,
        null,
        1,
        0,
        null,
        null,
        1,
        8,
        8,
        null,
        null,
        null,
        1,
        15,
        8910,
        null,
        15,
        1620,
        null,
        15,
        3240,
        null,
        null,
        null,
        null
      ],
      "/home/robbie/fixit/app/models/request.rb": [
        1,
        1,
        null,
        1,
        1,
        1,
        1,
        1,
        1,
        null,
        null
      ],
      "/home/robbie/fixit/app/models/area.rb": [
        1,
        1,
        1,
        null
      ],
      "/home/robbie/fixit/app/models/building.rb": [
        1,
        1,
        1,
        1,
        null
      ],
      "/home/robbie/fixit/app/models/user.rb": [
        1,
        null,
        1,
        1,
        null
      ],
      "/home/robbie/fixit/app/models/zone.rb": [
        1,
        1,
        1,
        1,
        null,
        null
      ]
    },
    "timestamp": 1350719024
  },
  "RSpec": {
    "coverage": {
      "/home/robbie/fixit/app/controllers/application_controller.rb": [
        1,
        1,
        null
      ],
      "/home/robbie/fixit/app/helpers/application_helper.rb": [
        1,
        null
      ],
      "/home/robbie/fixit/app/controllers/requests_controller.rb": [
        1,
        1,
        null,
        null,
        1,
        null,
        null,
        1,
        0,
        0,
        null,
        0,
        null,
        0,
        0,
        0,
        0,
        null,
        0,
        0,
        null,
        null,
        null,
        null,
        1,
        2,
        2,
        2,
        1,
        1,
        null,
        null,
        null,
        null,
        1,
        null,
        null,
        null,
        1,
        1,
        null,
        null,
        1,
        1,
        1,
        null,
        null,
        null,
        1,
        1,
        2,
        null,
        1,
        2,
        null,
        1,
        2,
        null,
        null,
        null,
        null
      ],
      "/home/robbie/fixit/app/models/request.rb": [
        1,
        1,
        null,
        1,
        1,
        1,
        1,
        1,
        1,
        null,
        null
      ],
      "/home/robbie/fixit/app/models/area.rb": [
        1,
        1,
        1,
        null
      ],
      "/home/robbie/fixit/app/models/building.rb": [
        1,
        1,
        1,
        1,
        null
      ],
      "/home/robbie/fixit/app/models/user.rb": [
        1,
        null,
        1,
        1,
        null
      ],
      "/home/robbie/fixit/app/models/zone.rb": [
        1,
        1,
        1,
        1,
        null,
        null
      ]
    },
    "timestamp": 1350719089
  }
}
